[2026-01-13 20:02:44] [INFO] ================================================================================
[2026-01-13 20:02:44] [INFO] INICIO DE SESIÓN - Usuario: Admin
[2026-01-13 20:02:44] [INFO] Sistema: Windows 11 10.0
[2026-01-13 20:02:44] [INFO] Java: 21.0.8
[2026-01-13 20:02:44] [INFO] ================================================================================
[2026-01-13 20:02:44] [INFO] === PREPARANDO ESCENARIO INICIAL ===
[2026-01-13 20:02:44] [INFO] Temporada creada vacía (sin temporada origen)
[2026-01-13 20:02:44] [SUCCESS] Temporada creada: Temporada 2024/25 | Estado: FUTURA | Sin equipos
[2026-01-13 20:02:44] [INFO] Temporada de prueba configurada como TERMINADA: Temporada 2024/25
[2026-01-13 20:02:44] [WARN] Intento de inscribir equipo 'Barcelona' en temporada TERMINADA: Temporada 2024/25
[2026-01-13 20:02:44] [WARN] Intento de inscribir equipo 'Granada' en temporada TERMINADA: Temporada 2024/25
[2026-01-13 20:02:44] [WARN] Intento de inscribir equipo 'Sevilla' en temporada TERMINADA: Temporada 2024/25
[2026-01-13 20:02:44] [WARN] Intento de inscribir equipo 'Zaragoza' en temporada TERMINADA: Temporada 2024/25
[2026-01-13 20:02:44] [WARN] Intento de inscribir equipo 'Valencia' en temporada TERMINADA: Temporada 2024/25
[2026-01-13 20:02:44] [WARN] Intento de inscribir equipo 'Athletic Club' en temporada TERMINADA: Temporada 2024/25
[2026-01-13 20:02:44] [SUCCESS] Escenario inicial preparado - Temporada: Temporada 2024/25 | Equipos: 6 | Jugadores: 0
[2026-01-13 20:29:04] [INFO] ================================================================================
[2026-01-13 20:29:04] [INFO] INICIO DE SESIÓN - Usuario: Admin
[2026-01-13 20:29:04] [INFO] Sistema: Windows 11 10.0
[2026-01-13 20:29:04] [INFO] Java: 21.0.8
[2026-01-13 20:29:04] [INFO] ================================================================================
[2026-01-13 20:29:04] [INFO] === PREPARANDO ESCENARIO INICIAL ===
[2026-01-13 20:29:04] [INFO] Temporada creada vacía (sin temporada origen)
[2026-01-13 20:29:04] [SUCCESS] Temporada creada: Temporada 2024/25 | Estado: FUTURA | Sin equipos
[2026-01-13 20:29:04] [INFO] Temporada de prueba configurada como TERMINADA: Temporada 2024/25
[2026-01-13 20:29:04] [WARN] Intento de inscribir equipo 'Barcelona' en temporada TERMINADA: Temporada 2024/25
[2026-01-13 20:29:04] [WARN] Intento de inscribir equipo 'Granada' en temporada TERMINADA: Temporada 2024/25
[2026-01-13 20:29:04] [WARN] Intento de inscribir equipo 'Sevilla' en temporada TERMINADA: Temporada 2024/25
[2026-01-13 20:29:04] [WARN] Intento de inscribir equipo 'Zaragoza' en temporada TERMINADA: Temporada 2024/25
[2026-01-13 20:29:04] [WARN] Intento de inscribir equipo 'Valencia' en temporada TERMINADA: Temporada 2024/25
[2026-01-13 20:29:04] [WARN] Intento de inscribir equipo 'Athletic Club' en temporada TERMINADA: Temporada 2024/25
[2026-01-13 20:29:04] [SUCCESS] Escenario inicial preparado - Temporada: Temporada 2024/25 | Equipos: 6 | Jugadores: 0
[2026-01-13 20:32:12] [INFO] ================================================================================
[2026-01-13 20:32:12] [INFO] INICIO DE SESIÓN - Usuario: Admin
[2026-01-13 20:32:12] [INFO] Sistema: Windows 11 10.0
[2026-01-13 20:32:12] [INFO] Java: 21.0.8
[2026-01-13 20:32:12] [INFO] ================================================================================
[2026-01-13 20:32:12] [INFO] === PREPARANDO ESCENARIO INICIAL ===
[2026-01-13 20:32:12] [INFO] Temporada creada vacía (sin temporada origen)
[2026-01-13 20:32:12] [SUCCESS] Temporada creada: Temporada 2024/25 | Estado: FUTURA | Sin equipos
[2026-01-13 20:32:12] [INFO] Temporada de prueba configurada como TERMINADA: Temporada 2024/25
[2026-01-13 20:32:12] [WARN] Intento de inscribir equipo 'Barcelona' en temporada TERMINADA: Temporada 2024/25
[2026-01-13 20:32:12] [WARN] Intento de inscribir equipo 'Granada' en temporada TERMINADA: Temporada 2024/25
[2026-01-13 20:32:12] [WARN] Intento de inscribir equipo 'Sevilla' en temporada TERMINADA: Temporada 2024/25
[2026-01-13 20:32:12] [WARN] Intento de inscribir equipo 'Zaragoza' en temporada TERMINADA: Temporada 2024/25
[2026-01-13 20:32:12] [WARN] Intento de inscribir equipo 'Valencia' en temporada TERMINADA: Temporada 2024/25
[2026-01-13 20:32:12] [WARN] Intento de inscribir equipo 'Athletic Club' en temporada TERMINADA: Temporada 2024/25
[2026-01-13 20:32:12] [SUCCESS] Escenario inicial preparado - Temporada: Temporada 2024/25 | Equipos: 6 | Jugadores: 0
[2026-01-13 20:50:27] [INFO] Login exitoso: admin | Rol: Administrador
[2026-01-13 20:50:27] [INFO] ================================================================================
[2026-01-13 20:50:27] [INFO] INICIO DE SESIÓN - Usuario: Admin
[2026-01-13 20:50:27] [INFO] Sistema: Windows 11 10.0
[2026-01-13 20:50:27] [INFO] Java: 21.0.8
[2026-01-13 20:50:27] [INFO] ================================================================================
[2026-01-13 20:50:27] [INFO] === PREPARANDO ESCENARIO INICIAL ===
[2026-01-13 20:50:27] [WARN] Intento de crear temporada con Temporada 2026 EN_JUEGO
[2026-01-13 20:50:28] [INFO] Usuarios cargados en tabla: 4
[2026-01-13 20:50:30] [INFO] Navegación: Gestión de Usuarios
[2026-01-13 20:50:30] [INFO] Usuarios cargados en tabla: 4
[2026-01-13 20:51:26] [INFO] Usuarios cargados en tabla: 5
[2026-01-13 20:51:26] [SUCCESS] Usuario creado: javier | Rol: Manager
[2026-01-13 20:52:06] [INFO] Usuarios cargados en tabla: 6
[2026-01-13 20:52:06] [SUCCESS] Usuario creado: eder | Rol: Árbitro
[2026-01-13 20:52:40] [INFO] Datos guardados correctamente
[2026-01-13 20:52:40] [INFO] Sesión cerrada correctamente
[2026-01-13 20:52:45] [INFO] Login exitoso: eder | Rol: Árbitro
[2026-01-13 20:52:57] [INFO] Datos guardados correctamente
[2026-01-13 20:52:58] [INFO] Sesión cerrada correctamente
[2026-01-13 20:53:45] [INFO] Login exitoso: eder | Rol: Árbitro
[2026-01-13 20:53:45] [INFO] ================================================================================
[2026-01-13 20:53:45] [INFO] INICIO DE SESIÓN - Usuario: Admin
[2026-01-13 20:53:45] [INFO] Sistema: Windows 11 10.0
[2026-01-13 20:53:45] [INFO] Java: 21.0.8
[2026-01-13 20:53:45] [INFO] ================================================================================
[2026-01-13 20:53:45] [INFO] === PREPARANDO ESCENARIO INICIAL ===
[2026-01-13 20:53:45] [WARN] Intento de crear temporada con Temporada 2026 EN_JUEGO
[2026-01-13 20:53:45] [INFO] Usuarios cargados en tabla: 6
[2026-01-13 21:06:45] [INFO] Login exitoso: admin | Rol: Administrador
[2026-01-13 21:06:45] [INFO] ================================================================================
[2026-01-13 21:06:45] [INFO] INICIO DE SESIÓN - Usuario: Admin
[2026-01-13 21:06:45] [INFO] Sistema: Windows 11 10.0
[2026-01-13 21:06:45] [INFO] Java: 21.0.8
[2026-01-13 21:06:45] [INFO] ================================================================================
[2026-01-13 21:06:45] [INFO] === PREPARANDO ESCENARIO INICIAL ===
[2026-01-13 21:06:45] [WARN] Intento de crear temporada con Temporada 2026 EN_JUEGO
[2026-01-13 21:06:46] [INFO] Usuarios cargados en tabla: 6
[2026-01-13 21:06:46] [INFO]  Sistema de auto-guardado activado (cada 5 minutos)
[2026-01-13 21:06:46] [INFO]  Ventana principal abierta
[2026-01-13 21:06:53] [INFO] Navegación: Partidos
[2026-01-13 21:07:07] [WARN] Intento de activar Temporada 2025/26 mientras Temporada 2026 está EN_JUEGO
[2026-01-13 21:07:37] [WARN]  Aplicación cerrada sin guardar cambios
[2026-01-13 21:07:46] [INFO] Login exitoso: admin | Rol: Administrador
[2026-01-13 21:07:46] [INFO] ================================================================================
[2026-01-13 21:07:46] [INFO] INICIO DE SESIÓN - Usuario: Admin
[2026-01-13 21:07:46] [INFO] Sistema: Windows 11 10.0
[2026-01-13 21:07:46] [INFO] Java: 21.0.8
[2026-01-13 21:07:46] [INFO] ================================================================================
[2026-01-13 21:07:46] [INFO] === PREPARANDO ESCENARIO INICIAL ===
[2026-01-13 21:07:46] [WARN] Intento de crear temporada con Temporada 2026 EN_JUEGO
[2026-01-13 21:07:47] [INFO] Usuarios cargados en tabla: 6
[2026-01-13 21:07:47] [INFO]  Sistema de auto-guardado activado (cada 5 minutos)
[2026-01-13 21:07:47] [INFO]  Ventana principal abierta
[2026-01-13 21:07:50] [INFO] Navegación: Partidos
[2026-01-13 21:08:00] [WARN]  Aplicación cerrada sin guardar cambios
[2026-01-13 21:09:22] [INFO] Login exitoso: admin | Rol: Administrador
[2026-01-13 21:09:22] [INFO] ================================================================================
[2026-01-13 21:09:22] [INFO] INICIO DE SESIÓN - Usuario: Admin
[2026-01-13 21:09:22] [INFO] Sistema: Windows 11 10.0
[2026-01-13 21:09:22] [INFO] Java: 21.0.8
[2026-01-13 21:09:22] [INFO] ================================================================================
[2026-01-13 21:09:22] [INFO] === PREPARANDO ESCENARIO INICIAL ===
[2026-01-13 21:09:22] [WARN] Intento de crear temporada con Temporada 2026 EN_JUEGO
[2026-01-13 21:09:22] [INFO] Usuarios cargados en tabla: 6
[2026-01-13 21:09:22] [INFO]  Sistema de auto-guardado activado (cada 5 minutos)
[2026-01-13 21:09:23] [INFO]  Ventana principal abierta
[2026-01-13 21:09:26] [INFO] Navegación: Clasificación
[2026-01-13 21:09:28] [INFO] Navegación: Partidos
[2026-01-13 21:09:54] [WARN]  Aplicación cerrada sin guardar cambios
[2026-01-13 21:11:23] [INFO] Login exitoso: admin | Rol: Administrador
[2026-01-13 21:11:23] [INFO] ================================================================================
[2026-01-13 21:11:23] [INFO] INICIO DE SESIÓN - Usuario: Admin
[2026-01-13 21:11:23] [INFO] Sistema: Windows 11 10.0
[2026-01-13 21:11:23] [INFO] Java: 21.0.8
[2026-01-13 21:11:23] [INFO] ================================================================================
[2026-01-13 21:11:23] [INFO] === PREPARANDO ESCENARIO INICIAL ===
[2026-01-13 21:11:23] [WARN] Intento de crear temporada con Temporada 2026 EN_JUEGO
[2026-01-13 21:11:24] [INFO] Usuarios cargados en tabla: 6
[2026-01-13 21:11:24] [INFO]  Sistema de auto-guardado activado (cada 5 minutos)
[2026-01-13 21:11:24] [INFO]  Ventana principal abierta
[2026-01-13 21:11:26] [INFO] Navegación: Clasificación
[2026-01-13 21:11:27] [INFO] Navegación: Partidos
[2026-01-13 21:11:28] [INFO] Navegación: Clasificación
[2026-01-13 21:11:47] [WARN]  Aplicación cerrada sin guardar cambios
[2026-01-13 21:15:21] [INFO] Login exitoso: admin | Rol: Administrador
[2026-01-13 21:15:21] [INFO] ================================================================================
[2026-01-13 21:15:21] [INFO] INICIO DE SESIÓN - Usuario: Admin
[2026-01-13 21:15:21] [INFO] Sistema: Windows 11 10.0
[2026-01-13 21:15:21] [INFO] Java: 21.0.8
[2026-01-13 21:15:21] [INFO] ================================================================================
[2026-01-13 21:15:21] [INFO] === PREPARANDO ESCENARIO INICIAL ===
[2026-01-13 21:15:21] [INFO] Temporada creada vacía (sin temporada origen)
[2026-01-13 21:15:21] [SUCCESS] Temporada creada: Temporada 2024/25 | Estado: FUTURA | Sin equipos
[2026-01-13 21:15:21] [INFO] Temporada de prueba configurada como TERMINADA: Temporada 2024/25
[2026-01-13 21:15:21] [WARN] Intento de inscribir equipo 'Barcelona' en temporada TERMINADA: Temporada 2024/25
[2026-01-13 21:15:21] [WARN] Intento de inscribir equipo 'Granada' en temporada TERMINADA: Temporada 2024/25
[2026-01-13 21:15:21] [WARN] Intento de inscribir equipo 'Sevilla' en temporada TERMINADA: Temporada 2024/25
[2026-01-13 21:15:21] [WARN] Intento de inscribir equipo 'Zaragoza' en temporada TERMINADA: Temporada 2024/25
[2026-01-13 21:15:21] [WARN] Intento de inscribir equipo 'Valencia' en temporada TERMINADA: Temporada 2024/25
[2026-01-13 21:15:21] [WARN] Intento de inscribir equipo 'Athletic Club' en temporada TERMINADA: Temporada 2024/25
[2026-01-13 21:15:21] [SUCCESS] Escenario inicial preparado - Temporada: Temporada 2024/25 | Equipos: 6 | Jugadores: 0
[2026-01-13 21:15:22] [INFO] Usuarios cargados en tabla: 4
[2026-01-13 21:15:22] [INFO]  Sistema de auto-guardado activado (cada 5 minutos)
[2026-01-13 21:15:22] [INFO]  Ventana principal abierta
[2026-01-13 21:15:25] [INFO] Navegación: Partidos
[2026-01-13 21:15:30] [INFO] Iniciando generación de calendario: Temporada 2025/26 | Equipos: 6
[2026-01-13 21:15:30] [DEBUG] Fase de IDA completada - Jornadas: 5 | Partidos: 15
[2026-01-13 21:15:30] [SUCCESS] Calendario generado completamente: Temporada 2025/26 | Equipos: 6 | Jornadas totales: 10 | Partidos totales: 30 | Sistema: Round-Robin (Ida y Vuelta)
[2026-01-13 21:15:30] [SUCCESS] Temporada activada: Temporada 2025/26 | Equipos: 6 | Jornadas creadas: 10 | Estado: FUTURA → EN JUEGO
[2026-01-13 21:15:35] [INFO] Auto-guardado detenido
[2026-01-13 21:15:35] [INFO] Guardando datos antes de cerrar sesión...
[2026-01-13 21:15:35] [INFO] Datos guardados correctamente
[2026-01-13 21:15:36] [INFO] Sesión cerrada correctamente
[2026-01-13 21:15:36] [INFO]  Ventana principal cerrada
[2026-01-13 21:15:56] [INFO] Login exitoso: admin | Rol: Administrador
[2026-01-13 21:15:56] [INFO] ================================================================================
[2026-01-13 21:15:56] [INFO] INICIO DE SESIÓN - Usuario: Admin
[2026-01-13 21:15:56] [INFO] Sistema: Windows 11 10.0
[2026-01-13 21:15:56] [INFO] Java: 21.0.8
[2026-01-13 21:15:56] [INFO] ================================================================================
[2026-01-13 21:15:56] [INFO] === PREPARANDO ESCENARIO INICIAL ===
[2026-01-13 21:15:56] [WARN] Intento de crear temporada con Temporada 2025/26 EN_JUEGO
[2026-01-13 21:15:56] [INFO] Temporada de prueba configurada como TERMINADA: Temporada 2024/25
[2026-01-13 21:15:56] [WARN] Intento de inscribir equipo 'Barcelona' en temporada TERMINADA: Temporada 2024/25
[2026-01-13 21:15:56] [WARN] Intento de inscribir equipo 'Granada' en temporada TERMINADA: Temporada 2024/25
[2026-01-13 21:15:56] [WARN] Intento de inscribir equipo 'Sevilla' en temporada TERMINADA: Temporada 2024/25
[2026-01-13 21:15:56] [WARN] Intento de inscribir equipo 'Zaragoza' en temporada TERMINADA: Temporada 2024/25
[2026-01-13 21:15:56] [WARN] Intento de inscribir equipo 'Valencia' en temporada TERMINADA: Temporada 2024/25
[2026-01-13 21:15:56] [WARN] Intento de inscribir equipo 'Athletic Club' en temporada TERMINADA: Temporada 2024/25
[2026-01-13 21:15:56] [SUCCESS] Escenario inicial preparado - Temporada: Temporada 2024/25 | Equipos: 6 | Jugadores: 0
[2026-01-13 21:15:56] [INFO] Usuarios cargados en tabla: 4
[2026-01-13 21:15:56] [INFO]  Sistema de auto-guardado activado (cada 5 minutos)
[2026-01-13 21:15:57] [INFO]  Ventana principal abierta
[2026-01-13 21:15:58] [INFO] Navegación: Partidos
[2026-01-13 21:16:11] [WARN]  Aplicación cerrada sin guardar cambios
[2026-01-13 21:36:48] [INFO] Login exitoso: admin | Rol: Administrador
[2026-01-13 21:36:48] [INFO] ================================================================================
[2026-01-13 21:36:48] [INFO] INICIO DE SESIÓN - Usuario: Admin
[2026-01-13 21:36:48] [INFO] Sistema: Windows 11 10.0
[2026-01-13 21:36:48] [INFO] Java: 21.0.8
[2026-01-13 21:36:48] [INFO] ================================================================================
[2026-01-13 21:36:48] [INFO] Datos ya cargados desde archivo. No se crea escenario inicial.
[2026-01-13 21:36:49] [INFO] Usuarios cargados en tabla: 4
[2026-01-13 21:36:49] [INFO]  Sistema de auto-guardado activado (cada 5 minutos)
[2026-01-13 21:36:49] [INFO]  Ventana principal abierta
[2026-01-13 21:36:51] [INFO] Navegación: Partidos
[2026-01-13 21:37:08] [WARN]  Aplicación cerrada sin guardar cambios
[2026-01-13 21:37:16] [INFO] Login exitoso: admin | Rol: Administrador
[2026-01-13 21:37:16] [INFO] ================================================================================
[2026-01-13 21:37:16] [INFO] INICIO DE SESIÓN - Usuario: Admin
[2026-01-13 21:37:16] [INFO] Sistema: Windows 11 10.0
[2026-01-13 21:37:16] [INFO] Java: 21.0.8
[2026-01-13 21:37:16] [INFO] ================================================================================
[2026-01-13 21:37:16] [INFO] Datos ya cargados desde archivo. No se crea escenario inicial.
[2026-01-13 21:37:16] [INFO] Usuarios cargados en tabla: 4
[2026-01-13 21:37:16] [INFO]  Sistema de auto-guardado activado (cada 5 minutos)
[2026-01-13 21:37:16] [INFO]  Ventana principal abierta
[2026-01-13 21:37:18] [INFO] Navegación: Partidos
[2026-01-13 21:37:26] [INFO] 💾 Guardando datos antes de cerrar aplicación...
[2026-01-13 21:37:26] [SUCCESS]  Datos guardados correctamente
[2026-01-13 21:37:28] [INFO]  Aplicación cerrada por el usuario
